<?xml version="1.0" encoding="UTF-8"?>
<testng-results skipped="0" failed="5" ignored="0" total="11" passed="6">
  <reporter-output>
  </reporter-output>
  <suite name="Surefire suite" duration-ms="118548" started-at="2021-05-18T13:22:50Z" finished-at="2021-05-18T13:24:49Z">
    <groups>
      <group name="cucumber">
        <method signature="AbstractTestNGCucumberTests.runScenario(io.cucumber.testng.PickleWrapper, io.cucumber.testng.FeatureWrapper)[pri:0, instance:parallel.ParallelRun@6e06451e]" name="runScenario" class="io.cucumber.testng.AbstractTestNGCucumberTests"/>
      </group> <!-- cucumber -->
    </groups>
    <test name="Surefire test" duration-ms="118548" started-at="2021-05-18T13:22:50Z" finished-at="2021-05-18T13:24:49Z">
      <class name="parallel.ParallelRun">
        <test-method status="PASS" signature="setUpClass()[pri:0, instance:parallel.ParallelRun@6e06451e]" name="setUpClass" is-config="true" duration-ms="1959" started-at="2021-05-18T13:22:50Z" finished-at="2021-05-18T13:22:52Z">
          <reporter-output>
          </reporter-output>
        </test-method> <!-- setUpClass -->
        <test-method status="PASS" signature="runScenario(io.cucumber.testng.PickleWrapper, io.cucumber.testng.FeatureWrapper)[pri:0, instance:parallel.ParallelRun@6e06451e]" name="runScenario" duration-ms="63233" started-at="2021-05-18T13:22:52Z" description="Runs Cucumber Scenarios" data-provider="scenarios" finished-at="2021-05-18T13:23:55Z">
          <params>
            <param index="0">
              <value>
                <![CDATA["Forgot Password link"]]>
              </value>
            </param>
            <param index="1">
              <value>
                <![CDATA["Optional[Login page feature]"]]>
              </value>
            </param>
          </params>
          <reporter-output>
          </reporter-output>
        </test-method> <!-- runScenario -->
        <test-method status="PASS" signature="runScenario(io.cucumber.testng.PickleWrapper, io.cucumber.testng.FeatureWrapper)[pri:0, instance:parallel.ParallelRun@6e06451e]" name="runScenario" duration-ms="91976" started-at="2021-05-18T13:22:52Z" description="Runs Cucumber Scenarios" data-provider="scenarios" finished-at="2021-05-18T13:24:24Z">
          <params>
            <param index="0">
              <value>
                <![CDATA["Login with all credentials"]]>
              </value>
            </param>
            <param index="1">
              <value>
                <![CDATA["Optional[Login page feature]"]]>
              </value>
            </param>
          </params>
          <reporter-output>
          </reporter-output>
        </test-method> <!-- runScenario -->
        <test-method status="FAIL" signature="runScenario(io.cucumber.testng.PickleWrapper, io.cucumber.testng.FeatureWrapper)[pri:0, instance:parallel.ParallelRun@6e06451e]" name="runScenario" duration-ms="19158" started-at="2021-05-18T13:22:52Z" description="Runs Cucumber Scenarios" data-provider="scenarios" finished-at="2021-05-18T13:23:11Z">
          <params>
            <param index="0">
              <value>
                <![CDATA["Login page title"]]>
              </value>
            </param>
            <param index="1">
              <value>
                <![CDATA["Optional[Login page feature]"]]>
              </value>
            </param>
          </params>
          <exception class="java.lang.AssertionError">
            <message>
              <![CDATA[expected [true] but found [false]]]>
            </message>
            <full-stacktrace>
              <![CDATA[java.lang.AssertionError: expected [true] but found [false]
at org.testng.Assert.fail(Assert.java:96)
at org.testng.Assert.failNotEquals(Assert.java:776)
at org.testng.Assert.assertTrue(Assert.java:44)
at org.testng.Assert.assertTrue(Assert.java:54)
at parallel.LoginPageSteps.page_title_should_be(LoginPageSteps.java:78)
at ✽.page title should be "Login - My Store"(file:///C:/Users/Raju%20Krish/git/CucumberPOMSeries/CucumberPOMSeries/src/test/resources/parallel/LoginPage.feature:7)
]]>
            </full-stacktrace>
          </exception> <!-- java.lang.AssertionError -->
          <reporter-output>
          </reporter-output>
        </test-method> <!-- runScenario -->
        <test-method status="FAIL" signature="runScenario(io.cucumber.testng.PickleWrapper, io.cucumber.testng.FeatureWrapper)[pri:0, instance:parallel.ParallelRun@6e06451e]" name="runScenario" duration-ms="19160" started-at="2021-05-18T13:22:52Z" description="Runs Cucumber Scenarios" data-provider="scenarios" finished-at="2021-05-18T13:23:11Z">
          <params>
            <param index="0">
              <value>
                <![CDATA["Login with all credentials"]]>
              </value>
            </param>
            <param index="1">
              <value>
                <![CDATA["Optional[Login page feature]"]]>
              </value>
            </param>
          </params>
          <exception class="org.openqa.selenium.NoSuchElementException">
            <message>
              <![CDATA[no such element: Unable to locate element: {"method":"css selector","selector":"#email"}
  (Session info: chrome=86.0.4240.75)
For documentation on this error, please visit: https://www.seleniumhq.org/exceptions/no_such_element.html
Build info: version: '3.141.59', revision: 'e82be7d358', time: '2018-11-14T08:17:03'
System info: host: 'DESKTOP-29FAU25', ip: '192.168.0.103', os.name: 'Windows 10', os.arch: 'amd64', os.version: '10.0', java.version: '1.8.0_271'
Driver info: org.openqa.selenium.chrome.ChromeDriver
Capabilities {acceptInsecureCerts: false, browserName: chrome, browserVersion: 86.0.4240.75, chrome: {chromedriverVersion: 86.0.4240.22 (398b0743353ff..., userDataDir: C:\Users\RAJUKR~1\AppData\L...}, goog:chromeOptions: {debuggerAddress: localhost:58458}, javascriptEnabled: true, networkConnectionEnabled: false, pageLoadStrategy: normal, platform: WINDOWS, platformName: WINDOWS, proxy: Proxy(), setWindowRect: true, strictFileInteractability: false, timeouts: {implicit: 0, pageLoad: 300000, script: 30000}, unhandledPromptBehavior: dismiss and notify, webauthn:virtualAuthenticators: true}
Session ID: d016d4b2e7d283f67376c52fd7f2f2c5
*** Element info: {Using=id, value=email}]]>
            </message>
            <full-stacktrace>
              <![CDATA[org.openqa.selenium.NoSuchElementException: no such element: Unable to locate element: {"method":"css selector","selector":"#email"}
  (Session info: chrome=86.0.4240.75)
For documentation on this error, please visit: https://www.seleniumhq.org/exceptions/no_such_element.html
Build info: version: '3.141.59', revision: 'e82be7d358', time: '2018-11-14T08:17:03'
System info: host: 'DESKTOP-29FAU25', ip: '192.168.0.103', os.name: 'Windows 10', os.arch: 'amd64', os.version: '10.0', java.version: '1.8.0_271'
Driver info: org.openqa.selenium.chrome.ChromeDriver
Capabilities {acceptInsecureCerts: false, browserName: chrome, browserVersion: 86.0.4240.75, chrome: {chromedriverVersion: 86.0.4240.22 (398b0743353ff..., userDataDir: C:\Users\RAJUKR~1\AppData\L...}, goog:chromeOptions: {debuggerAddress: localhost:58458}, javascriptEnabled: true, networkConnectionEnabled: false, pageLoadStrategy: normal, platform: WINDOWS, platformName: WINDOWS, proxy: Proxy(), setWindowRect: true, strictFileInteractability: false, timeouts: {implicit: 0, pageLoad: 300000, script: 30000}, unhandledPromptBehavior: dismiss and notify, webauthn:virtualAuthenticators: true}
Session ID: d016d4b2e7d283f67376c52fd7f2f2c5
*** Element info: {Using=id, value=email}
at sun.reflect.NativeConstructorAccessorImpl.newInstance0(Native Method)
at sun.reflect.NativeConstructorAccessorImpl.newInstance(NativeConstructorAccessorImpl.java:62)
at sun.reflect.DelegatingConstructorAccessorImpl.newInstance(DelegatingConstructorAccessorImpl.java:45)
at java.lang.reflect.Constructor.newInstance(Constructor.java:423)
at org.openqa.selenium.remote.http.W3CHttpResponseCodec.createException(W3CHttpResponseCodec.java:187)
at org.openqa.selenium.remote.http.W3CHttpResponseCodec.decode(W3CHttpResponseCodec.java:122)
at org.openqa.selenium.remote.http.W3CHttpResponseCodec.decode(W3CHttpResponseCodec.java:49)
at org.openqa.selenium.remote.HttpCommandExecutor.execute(HttpCommandExecutor.java:158)
at org.openqa.selenium.remote.service.DriverCommandExecutor.execute(DriverCommandExecutor.java:83)
at org.openqa.selenium.remote.RemoteWebDriver.execute(RemoteWebDriver.java:552)
at org.openqa.selenium.remote.RemoteWebDriver.findElement(RemoteWebDriver.java:323)
at org.openqa.selenium.remote.RemoteWebDriver.findElementById(RemoteWebDriver.java:372)
at org.openqa.selenium.By$ById.findElement(By.java:188)
at org.openqa.selenium.remote.RemoteWebDriver.findElement(RemoteWebDriver.java:315)
at com.pages.LoginPage.enterUserName(LoginPage.java:33)
at parallel.LoginPageSteps.user_enter_username_as_and_password_as(LoginPageSteps.java:52)
at ✽.User enter Username as "xikafo9060@goqoez.com" and Password as "Selenium"(file:///C:/Users/Raju%20Krish/git/CucumberPOMSeries/CucumberPOMSeries/src/test/resources/parallel/LoginPage.feature:33)
]]>
            </full-stacktrace>
          </exception> <!-- org.openqa.selenium.NoSuchElementException -->
          <reporter-output>
          </reporter-output>
        </test-method> <!-- runScenario -->
        <test-method status="FAIL" signature="runScenario(io.cucumber.testng.PickleWrapper, io.cucumber.testng.FeatureWrapper)[pri:0, instance:parallel.ParallelRun@6e06451e]" name="runScenario" duration-ms="19159" started-at="2021-05-18T13:22:52Z" description="Runs Cucumber Scenarios" data-provider="scenarios" finished-at="2021-05-18T13:23:11Z">
          <params>
            <param index="0">
              <value>
                <![CDATA["Login with correct credentials"]]>
              </value>
            </param>
            <param index="1">
              <value>
                <![CDATA["Optional[Login page feature]"]]>
              </value>
            </param>
          </params>
          <exception class="org.openqa.selenium.NoSuchElementException">
            <message>
              <![CDATA[no such element: Unable to locate element: {"method":"css selector","selector":"#email"}
  (Session info: chrome=86.0.4240.75)
For documentation on this error, please visit: https://www.seleniumhq.org/exceptions/no_such_element.html
Build info: version: '3.141.59', revision: 'e82be7d358', time: '2018-11-14T08:17:03'
System info: host: 'DESKTOP-29FAU25', ip: '192.168.0.103', os.name: 'Windows 10', os.arch: 'amd64', os.version: '10.0', java.version: '1.8.0_271'
Driver info: org.openqa.selenium.chrome.ChromeDriver
Capabilities {acceptInsecureCerts: false, browserName: chrome, browserVersion: 86.0.4240.75, chrome: {chromedriverVersion: 86.0.4240.22 (398b0743353ff..., userDataDir: C:\Users\RAJUKR~1\AppData\L...}, goog:chromeOptions: {debuggerAddress: localhost:58433}, javascriptEnabled: true, networkConnectionEnabled: false, pageLoadStrategy: normal, platform: WINDOWS, platformName: WINDOWS, proxy: Proxy(), setWindowRect: true, strictFileInteractability: false, timeouts: {implicit: 0, pageLoad: 300000, script: 30000}, unhandledPromptBehavior: dismiss and notify, webauthn:virtualAuthenticators: true}
Session ID: f9001fe62c1a503df994aa42b12476ec
*** Element info: {Using=id, value=email}]]>
            </message>
            <full-stacktrace>
              <![CDATA[org.openqa.selenium.NoSuchElementException: no such element: Unable to locate element: {"method":"css selector","selector":"#email"}
  (Session info: chrome=86.0.4240.75)
For documentation on this error, please visit: https://www.seleniumhq.org/exceptions/no_such_element.html
Build info: version: '3.141.59', revision: 'e82be7d358', time: '2018-11-14T08:17:03'
System info: host: 'DESKTOP-29FAU25', ip: '192.168.0.103', os.name: 'Windows 10', os.arch: 'amd64', os.version: '10.0', java.version: '1.8.0_271'
Driver info: org.openqa.selenium.chrome.ChromeDriver
Capabilities {acceptInsecureCerts: false, browserName: chrome, browserVersion: 86.0.4240.75, chrome: {chromedriverVersion: 86.0.4240.22 (398b0743353ff..., userDataDir: C:\Users\RAJUKR~1\AppData\L...}, goog:chromeOptions: {debuggerAddress: localhost:58433}, javascriptEnabled: true, networkConnectionEnabled: false, pageLoadStrategy: normal, platform: WINDOWS, platformName: WINDOWS, proxy: Proxy(), setWindowRect: true, strictFileInteractability: false, timeouts: {implicit: 0, pageLoad: 300000, script: 30000}, unhandledPromptBehavior: dismiss and notify, webauthn:virtualAuthenticators: true}
Session ID: f9001fe62c1a503df994aa42b12476ec
*** Element info: {Using=id, value=email}
at sun.reflect.NativeConstructorAccessorImpl.newInstance0(Native Method)
at sun.reflect.NativeConstructorAccessorImpl.newInstance(NativeConstructorAccessorImpl.java:62)
at sun.reflect.DelegatingConstructorAccessorImpl.newInstance(DelegatingConstructorAccessorImpl.java:45)
at java.lang.reflect.Constructor.newInstance(Constructor.java:423)
at org.openqa.selenium.remote.http.W3CHttpResponseCodec.createException(W3CHttpResponseCodec.java:187)
at org.openqa.selenium.remote.http.W3CHttpResponseCodec.decode(W3CHttpResponseCodec.java:122)
at org.openqa.selenium.remote.http.W3CHttpResponseCodec.decode(W3CHttpResponseCodec.java:49)
at org.openqa.selenium.remote.HttpCommandExecutor.execute(HttpCommandExecutor.java:158)
at org.openqa.selenium.remote.service.DriverCommandExecutor.execute(DriverCommandExecutor.java:83)
at org.openqa.selenium.remote.RemoteWebDriver.execute(RemoteWebDriver.java:552)
at org.openqa.selenium.remote.RemoteWebDriver.findElement(RemoteWebDriver.java:323)
at org.openqa.selenium.remote.RemoteWebDriver.findElementById(RemoteWebDriver.java:372)
at org.openqa.selenium.By$ById.findElement(By.java:188)
at org.openqa.selenium.remote.RemoteWebDriver.findElement(RemoteWebDriver.java:315)
at com.pages.LoginPage.enterUserName(LoginPage.java:33)
at parallel.LoginPageSteps.user_enters_username(LoginPageSteps.java:88)
at ✽.user enters username "nirifi5570@684hh.com"(file:///C:/Users/Raju%20Krish/git/CucumberPOMSeries/CucumberPOMSeries/src/test/resources/parallel/LoginPage.feature:17)
]]>
            </full-stacktrace>
          </exception> <!-- org.openqa.selenium.NoSuchElementException -->
          <reporter-output>
          </reporter-output>
        </test-method> <!-- runScenario -->
        <test-method status="PASS" signature="runScenario(io.cucumber.testng.PickleWrapper, io.cucumber.testng.FeatureWrapper)[pri:0, instance:parallel.ParallelRun@6e06451e]" name="runScenario" duration-ms="57241" started-at="2021-05-18T13:22:52Z" description="Runs Cucumber Scenarios" data-provider="scenarios" finished-at="2021-05-18T13:23:49Z">
          <params>
            <param index="0">
              <value>
                <![CDATA["Contact us page title"]]>
              </value>
            </param>
            <param index="1">
              <value>
                <![CDATA["Optional[Contact Us feature]"]]>
              </value>
            </param>
          </params>
          <reporter-output>
          </reporter-output>
        </test-method> <!-- runScenario -->
        <test-method status="FAIL" signature="runScenario(io.cucumber.testng.PickleWrapper, io.cucumber.testng.FeatureWrapper)[pri:0, instance:parallel.ParallelRun@6e06451e]" name="runScenario" duration-ms="62954" started-at="2021-05-18T13:22:52Z" description="Runs Cucumber Scenarios" data-provider="scenarios" finished-at="2021-05-18T13:23:55Z">
          <params>
            <param index="0">
              <value>
                <![CDATA["Amazon page title"]]>
              </value>
            </param>
            <param index="1">
              <value>
                <![CDATA["Optional[Amazon page feature]"]]>
              </value>
            </param>
          </params>
          <exception class="java.lang.AssertionError">
            <message>
              <![CDATA[Found 5 accessibility violations:
1) Text of buttons and links should not be repeated in the image alternative: https://dequeuniversity.com/rules/axe/3.1/image-redundant-alt?application=axeAPI
  a) ["a[aria-label=\"Cleaning\\ essentials\"]"]
    Fix all of the following:
      Element contains <img> element with alt text that duplicates existing text


  b) ["a[aria-label=\"Immunity\\ \\&\\ healthcare\"]"]
    Fix all of the following:
      Element contains <img> element with alt text that duplicates existing text


  c) ["a[aria-label=\"Women\\'s\\ personal\\ care\"]"]
    Fix all of the following:
      Element contains <img> element with alt text that duplicates existing text


  d) ["a[aria-label=\"Men\\'s\\ grooming\"]"]
    Fix all of the following:
      Element contains <img> element with alt text that duplicates existing text


  e) ["a[aria-label=\"ACs\"]"]
    Fix all of the following:
      Element contains <img> element with alt text that duplicates existing text


  f) ["a[aria-label=\"Refrigerators\"]"]
    Fix all of the following:
      Element contains <img> element with alt text that duplicates existing text


  g) ["a[aria-label=\"Televisions\"]"]
    Fix all of the following:
      Element contains <img> element with alt text that duplicates existing text


  h) ["a[aria-label=\"Washing\\ machines\"]"]
    Fix all of the following:
      Element contains <img> element with alt text that duplicates existing text


  i) ["a[aria-label=\"Cereals\\ \\&\\ Oats\"]"]
    Fix all of the following:
      Element contains <img> element with alt text that duplicates existing text


  j) ["a[aria-label=\"Tea\\ \\&\\ Coffee\"]"]
    Fix all of the following:
      Element contains <img> element with alt text that duplicates existing text


  k) ["a[aria-label=\"Spreads\\ \\&\\ Honey\"]"]
    Fix all of the following:
      Element contains <img> element with alt text that duplicates existing text


  l) ["a[aria-label=\"Home\\ products\"]"]
    Fix all of the following:
      Element contains <img> element with alt text that duplicates existing text


  m) ["a[aria-label=\"Kitchen\\ \\&\\ dining\"]"]
    Fix all of the following:
      Element contains <img> element with alt text that duplicates existing text


  n) ["a[aria-label=\"Daily\\ essentials\"]"]
    Fix all of the following:
      Element contains <img> element with alt text that duplicates existing text


  o) ["a[aria-label=\"Clothing\\ essentials\"]"]
    Fix all of the following:
      Element contains <img> element with alt text that duplicates existing text


  p) ["a[aria-label=\"Women\\'s\\ Clothing\"]"]
    Fix all of the following:
      Element contains <img> element with alt text that duplicates existing text


  q) ["a[aria-label=\"Footwear\\+Handbags\"]"]
    Fix all of the following:
      Element contains <img> element with alt text that duplicates existing text


  r) ["a[aria-label=\"Watches\"]"]
    Fix all of the following:
      Element contains <img> element with alt text that duplicates existing text


  s) ["a[aria-label=\"Fashion\\ jewellery\"]"]
    Fix all of the following:
      Element contains <img> element with alt text that duplicates existing text


  t) ["a[aria-label=\"Window\\ ACs\\ \\|\\ Starting\\ \u20b917\\,999\"]"]
    Fix all of the following:
      Element contains <img> element with alt text that duplicates existing text


  u) ["a[aria-label=\"Split\\ ACs\\ \\|\\ Starting\\ \u20b923\\,499\"]"]
    Fix all of the following:
      Element contains <img> element with alt text that duplicates existing text


  v) ["a[href=\"/b?node=22902922031\"]"]
    Fix all of the following:
      Element contains <img> element with alt text that duplicates existing text


  w) ["a[href=\"/l/22902923031\"]"]
    Fix all of the following:
      Element contains <img> element with alt text that duplicates existing text


  x) ["a[href=\"/b?node=11599648031\"]"]
    Fix all of the following:
      Element contains <img> element with alt text that duplicates existing text


  y) ["a[aria-label=\"Tablets\"]"]
    Fix all of the following:
      Element contains <img> element with alt text that duplicates existing text


  z) ["a[aria-label=\"Laptops\"]"]
    Fix all of the following:
      Element contains <img> element with alt text that duplicates existing text


  aa) ["a[aria-label=\"Monitors\"]"]
    Fix all of the following:
      Element contains <img> element with alt text that duplicates existing text


  ab) ["a[aria-label=\"N95\\ Masks\\ \\&\\ respirators\"]"]
    Fix all of the following:
      Element contains <img> element with alt text that duplicates existing text


  ac) ["a[aria-label=\"Cloth\\ masks\"]"]
    Fix all of the following:
      Element contains <img> element with alt text that duplicates existing text


  ad) ["a[aria-label=\"Kids\\ mask\"]"]
    Fix all of the following:
      Element contains <img> element with alt text that duplicates existing text


  ae) ["a[aria-label=\"View\\ the\\ mask\\ store\"]"]
    Fix all of the following:
      Element contains <img> element with alt text that duplicates existing text


  af) ["a[aria-label=\"Cookware\"]"]
    Fix all of the following:
      Element contains <img> element with alt text that duplicates existing text


  ag) ["a[aria-label=\"Tableware\"]"]
    Fix all of the following:
      Element contains <img> element with alt text that duplicates existing text


  ah) ["a[aria-label=\"Men\\'s\\ clothing\"]"]
    Fix all of the following:
      Element contains <img> element with alt text that duplicates existing text


  ai) ["a[aria-label=\"Women\u2019s\\ clothing\"]"]
    Fix all of the following:
      Element contains <img> element with alt text that duplicates existing text


  aj) ["a[aria-label=\"Kids\\ clothing\"]"]
    Fix all of the following:
      Element contains <img> element with alt text that duplicates existing text


  ak) [".grid-row-2.a-section > .quadrant-container-1.quadrant-container.a-spacing-none > .image-redirect.aok-block[aria-label=\"Footwear\"]"]
    Fix all of the following:
      Element contains <img> element with alt text that duplicates existing text


  al) ["a[aria-label=\"Smart\\ bulb\"]"]
    Fix all of the following:
      Element contains <img> element with alt text that duplicates existing text


  am) ["a[aria-label=\"Echo\\ devices\"]"]
    Fix all of the following:
      Element contains <img> element with alt text that duplicates existing text


  an) ["a[aria-label=\"Smart\\ Plug\"]"]
    Fix all of the following:
      Element contains <img> element with alt text that duplicates existing text


  ao) ["a[href=\"/b?node=1374407031\"]"]
    Fix all of the following:
      Element contains <img> element with alt text that duplicates existing text


  ap) ["a[href=\"/b?node=1374305031\"]"]
    Fix all of the following:
      Element contains <img> element with alt text that duplicates existing text


  aq) ["a[aria-label=\"Makeup\"]"]
    Fix all of the following:
      Element contains <img> element with alt text that duplicates existing text


  ar) ["a[aria-label=\"Luxury\\ beauty\"]"]
    Fix all of the following:
      Element contains <img> element with alt text that duplicates existing text


  as) ["a[aria-label=\"Bath\\ \\&\\ shower\"]"]
    Fix all of the following:
      Element contains <img> element with alt text that duplicates existing text


  at) ["#b6zt-SmUeexo54CpQS5OhQ > .a-cardui-body > .a-spacing-small.grid-row-1.a-section > .quadrant-container-1.quadrant-container.a-spacing-none > .image-redirect.aok-block[aria-label=\"Hair\\ care\"]"]
    Fix all of the following:
      Element contains <img> element with alt text that duplicates existing text


  au) [".grid-row-2.a-section > .quadrant-container-0.quadrant-container.a-spacing-none > .image-redirect.aok-block[aria-label=\"Skin\\ care\"]"]
    Fix all of the following:
      Element contains <img> element with alt text that duplicates existing text


  av) ["#b6zt-SmUeexo54CpQS5OhQ > .a-cardui-body > .grid-row-2.a-section > .quadrant-container-1.quadrant-container.a-spacing-none > .image-redirect.aok-block.image-window"]
    Fix all of the following:
      Element contains <img> element with alt text that duplicates existing text


  aw) ["a[aria-label=\"CLOTHING\"]"]
    Fix all of the following:
      Element contains <img> element with alt text that duplicates existing text


  ax) [".a-spacing-small.grid-row-1.a-section > .quadrant-container-1.quadrant-container.a-spacing-none > .image-redirect.aok-block[aria-label=\"Footwear\"]"]
    Fix all of the following:
      Element contains <img> element with alt text that duplicates existing text


  ay) ["a[aria-label=\"Precious\\ jewellery\"]"]
    Fix all of the following:
      Element contains <img> element with alt text that duplicates existing text


  az) ["a[aria-label=\"Washing\\ machines\\ \\&\\ more\"]"]
    Fix all of the following:
      Element contains <img> element with alt text that duplicates existing text


  ba) ["a[aria-label=\"Kitchen\\ appliances\"]"]
    Fix all of the following:
      Element contains <img> element with alt text that duplicates existing text


  bb) ["a[aria-label=\"WFH\\ furniture\"]"]
    Fix all of the following:
      Element contains <img> element with alt text that duplicates existing text


  bc) ["a[aria-label=\"Bestselling\\ furniture\"]"]
    Fix all of the following:
      Element contains <img> element with alt text that duplicates existing text


  bd) ["a[aria-label=\"Printers\"]"]
    Fix all of the following:
      Element contains <img> element with alt text that duplicates existing text


  be) ["a[aria-label=\"Routers\\ \\&\\ hotspots\"]"]
    Fix all of the following:
      Element contains <img> element with alt text that duplicates existing text


  bf) ["a[aria-label=\"Computer\\ accessories\"]"]
    Fix all of the following:
      Element contains <img> element with alt text that duplicates existing text


  bg) ["a[aria-label=\"Stationery\\ \\&\\ office\\ supplies\"]"]
    Fix all of the following:
      Element contains <img> element with alt text that duplicates existing text


2) Form elements should have a visible label: https://dequeuniversity.com/rules/axe/3.1/label-title-only?application=axeAPI
  a) ["#searchDropdownBox"]
    Fix all of the following:
      Only title used to generate label for form element


3) Links must have discernible text: https://dequeuniversity.com/rules/axe/3.1/link-name?application=axeAPI
  a) ["a[href$=\"ref=footer_logo\"]"]
    Fix all of the following:
      Element is in tab order and does not have accessible text

    Fix any of the following:
      Element does not have text that is visible to screen readers
      aria-label attribute does not exist or is empty
      aria-labelledby attribute does not exist, references elements that do not exist or references elements that are empty
      Element's default semantics were not overridden with role="presentation"
      Element's default semantics were not overridden with role="none"


4) Page must contain a level-one heading: https://dequeuniversity.com/rules/axe/3.1/page-has-heading-one?application=axeAPI
  a) ["html"]
    Fix all of the following:
      Page must have a level-one heading


5) All page content must be contained by landmarks: https://dequeuniversity.com/rules/axe/3.1/region?application=axeAPI
  a) ["html"]
    Fix any of the following:
      Some page content is not contained by landmarks

 expected [true] but found [false]]]>
            </message>
            <full-stacktrace>
              <![CDATA[java.lang.AssertionError: Found 5 accessibility violations:
1) Text of buttons and links should not be repeated in the image alternative: https://dequeuniversity.com/rules/axe/3.1/image-redundant-alt?application=axeAPI
  a) ["a[aria-label=\"Cleaning\\ essentials\"]"]
    Fix all of the following:
      Element contains <img> element with alt text that duplicates existing text


  b) ["a[aria-label=\"Immunity\\ \\&\\ healthcare\"]"]
    Fix all of the following:
      Element contains <img> element with alt text that duplicates existing text


  c) ["a[aria-label=\"Women\\'s\\ personal\\ care\"]"]
    Fix all of the following:
      Element contains <img> element with alt text that duplicates existing text


  d) ["a[aria-label=\"Men\\'s\\ grooming\"]"]
    Fix all of the following:
      Element contains <img> element with alt text that duplicates existing text


  e) ["a[aria-label=\"ACs\"]"]
    Fix all of the following:
      Element contains <img> element with alt text that duplicates existing text


  f) ["a[aria-label=\"Refrigerators\"]"]
    Fix all of the following:
      Element contains <img> element with alt text that duplicates existing text


  g) ["a[aria-label=\"Televisions\"]"]
    Fix all of the following:
      Element contains <img> element with alt text that duplicates existing text


  h) ["a[aria-label=\"Washing\\ machines\"]"]
    Fix all of the following:
      Element contains <img> element with alt text that duplicates existing text


  i) ["a[aria-label=\"Cereals\\ \\&\\ Oats\"]"]
    Fix all of the following:
      Element contains <img> element with alt text that duplicates existing text


  j) ["a[aria-label=\"Tea\\ \\&\\ Coffee\"]"]
    Fix all of the following:
      Element contains <img> element with alt text that duplicates existing text


  k) ["a[aria-label=\"Spreads\\ \\&\\ Honey\"]"]
    Fix all of the following:
      Element contains <img> element with alt text that duplicates existing text


  l) ["a[aria-label=\"Home\\ products\"]"]
    Fix all of the following:
      Element contains <img> element with alt text that duplicates existing text


  m) ["a[aria-label=\"Kitchen\\ \\&\\ dining\"]"]
    Fix all of the following:
      Element contains <img> element with alt text that duplicates existing text


  n) ["a[aria-label=\"Daily\\ essentials\"]"]
    Fix all of the following:
      Element contains <img> element with alt text that duplicates existing text


  o) ["a[aria-label=\"Clothing\\ essentials\"]"]
    Fix all of the following:
      Element contains <img> element with alt text that duplicates existing text


  p) ["a[aria-label=\"Women\\'s\\ Clothing\"]"]
    Fix all of the following:
      Element contains <img> element with alt text that duplicates existing text


  q) ["a[aria-label=\"Footwear\\+Handbags\"]"]
    Fix all of the following:
      Element contains <img> element with alt text that duplicates existing text


  r) ["a[aria-label=\"Watches\"]"]
    Fix all of the following:
      Element contains <img> element with alt text that duplicates existing text


  s) ["a[aria-label=\"Fashion\\ jewellery\"]"]
    Fix all of the following:
      Element contains <img> element with alt text that duplicates existing text


  t) ["a[aria-label=\"Window\\ ACs\\ \\|\\ Starting\\ \u20b917\\,999\"]"]
    Fix all of the following:
      Element contains <img> element with alt text that duplicates existing text


  u) ["a[aria-label=\"Split\\ ACs\\ \\|\\ Starting\\ \u20b923\\,499\"]"]
    Fix all of the following:
      Element contains <img> element with alt text that duplicates existing text


  v) ["a[href=\"/b?node=22902922031\"]"]
    Fix all of the following:
      Element contains <img> element with alt text that duplicates existing text


  w) ["a[href=\"/l/22902923031\"]"]
    Fix all of the following:
      Element contains <img> element with alt text that duplicates existing text


  x) ["a[href=\"/b?node=11599648031\"]"]
    Fix all of the following:
      Element contains <img> element with alt text that duplicates existing text


  y) ["a[aria-label=\"Tablets\"]"]
    Fix all of the following:
      Element contains <img> element with alt text that duplicates existing text


  z) ["a[aria-label=\"Laptops\"]"]
    Fix all of the following:
      Element contains <img> element with alt text that duplicates existing text


  aa) ["a[aria-label=\"Monitors\"]"]
    Fix all of the following:
      Element contains <img> element with alt text that duplicates existing text


  ab) ["a[aria-label=\"N95\\ Masks\\ \\&\\ respirators\"]"]
    Fix all of the following:
      Element contains <img> element with alt text that duplicates existing text


  ac) ["a[aria-label=\"Cloth\\ masks\"]"]
    Fix all of the following:
      Element contains <img> element with alt text that duplicates existing text


  ad) ["a[aria-label=\"Kids\\ mask\"]"]
    Fix all of the following:
      Element contains <img> element with alt text that duplicates existing text


  ae) ["a[aria-label=\"View\\ the\\ mask\\ store\"]"]
    Fix all of the following:
      Element contains <img> element with alt text that duplicates existing text


  af) ["a[aria-label=\"Cookware\"]"]
    Fix all of the following:
      Element contains <img> element with alt text that duplicates existing text


  ag) ["a[aria-label=\"Tableware\"]"]
    Fix all of the following:
      Element contains <img> element with alt text that duplicates existing text


  ah) ["a[aria-label=\"Men\\'s\\ clothing\"]"]
    Fix all of the following:
      Element contains <img> element with alt text that duplicates existing text


  ai) ["a[aria-label=\"Women\u2019s\\ clothing\"]"]
    Fix all of the following:
      Element contains <img> element with alt text that duplicates existing text


  aj) ["a[aria-label=\"Kids\\ clothing\"]"]
    Fix all of the following:
      Element contains <img> element with alt text that duplicates existing text


  ak) [".grid-row-2.a-section > .quadrant-container-1.quadrant-container.a-spacing-none > .image-redirect.aok-block[aria-label=\"Footwear\"]"]
    Fix all of the following:
      Element contains <img> element with alt text that duplicates existing text


  al) ["a[aria-label=\"Smart\\ bulb\"]"]
    Fix all of the following:
      Element contains <img> element with alt text that duplicates existing text


  am) ["a[aria-label=\"Echo\\ devices\"]"]
    Fix all of the following:
      Element contains <img> element with alt text that duplicates existing text


  an) ["a[aria-label=\"Smart\\ Plug\"]"]
    Fix all of the following:
      Element contains <img> element with alt text that duplicates existing text


  ao) ["a[href=\"/b?node=1374407031\"]"]
    Fix all of the following:
      Element contains <img> element with alt text that duplicates existing text


  ap) ["a[href=\"/b?node=1374305031\"]"]
    Fix all of the following:
      Element contains <img> element with alt text that duplicates existing text


  aq) ["a[aria-label=\"Makeup\"]"]
    Fix all of the following:
      Element contains <img> element with alt text that duplicates existing text


  ar) ["a[aria-label=\"Luxury\\ beauty\"]"]
    Fix all of the following:
      Element contains <img> element with alt text that duplicates existing text


  as) ["a[aria-label=\"Bath\\ \\&\\ shower\"]"]
    Fix all of the following:
      Element contains <img> element with alt text that duplicates existing text


  at) ["#b6zt-SmUeexo54CpQS5OhQ > .a-cardui-body > .a-spacing-small.grid-row-1.a-section > .quadrant-container-1.quadrant-container.a-spacing-none > .image-redirect.aok-block[aria-label=\"Hair\\ care\"]"]
    Fix all of the following:
      Element contains <img> element with alt text that duplicates existing text


  au) [".grid-row-2.a-section > .quadrant-container-0.quadrant-container.a-spacing-none > .image-redirect.aok-block[aria-label=\"Skin\\ care\"]"]
    Fix all of the following:
      Element contains <img> element with alt text that duplicates existing text


  av) ["#b6zt-SmUeexo54CpQS5OhQ > .a-cardui-body > .grid-row-2.a-section > .quadrant-container-1.quadrant-container.a-spacing-none > .image-redirect.aok-block.image-window"]
    Fix all of the following:
      Element contains <img> element with alt text that duplicates existing text


  aw) ["a[aria-label=\"CLOTHING\"]"]
    Fix all of the following:
      Element contains <img> element with alt text that duplicates existing text


  ax) [".a-spacing-small.grid-row-1.a-section > .quadrant-container-1.quadrant-container.a-spacing-none > .image-redirect.aok-block[aria-label=\"Footwear\"]"]
    Fix all of the following:
      Element contains <img> element with alt text that duplicates existing text


  ay) ["a[aria-label=\"Precious\\ jewellery\"]"]
    Fix all of the following:
      Element contains <img> element with alt text that duplicates existing text


  az) ["a[aria-label=\"Washing\\ machines\\ \\&\\ more\"]"]
    Fix all of the following:
      Element contains <img> element with alt text that duplicates existing text


  ba) ["a[aria-label=\"Kitchen\\ appliances\"]"]
    Fix all of the following:
      Element contains <img> element with alt text that duplicates existing text


  bb) ["a[aria-label=\"WFH\\ furniture\"]"]
    Fix all of the following:
      Element contains <img> element with alt text that duplicates existing text


  bc) ["a[aria-label=\"Bestselling\\ furniture\"]"]
    Fix all of the following:
      Element contains <img> element with alt text that duplicates existing text


  bd) ["a[aria-label=\"Printers\"]"]
    Fix all of the following:
      Element contains <img> element with alt text that duplicates existing text


  be) ["a[aria-label=\"Routers\\ \\&\\ hotspots\"]"]
    Fix all of the following:
      Element contains <img> element with alt text that duplicates existing text


  bf) ["a[aria-label=\"Computer\\ accessories\"]"]
    Fix all of the following:
      Element contains <img> element with alt text that duplicates existing text


  bg) ["a[aria-label=\"Stationery\\ \\&\\ office\\ supplies\"]"]
    Fix all of the following:
      Element contains <img> element with alt text that duplicates existing text


2) Form elements should have a visible label: https://dequeuniversity.com/rules/axe/3.1/label-title-only?application=axeAPI
  a) ["#searchDropdownBox"]
    Fix all of the following:
      Only title used to generate label for form element


3) Links must have discernible text: https://dequeuniversity.com/rules/axe/3.1/link-name?application=axeAPI
  a) ["a[href$=\"ref=footer_logo\"]"]
    Fix all of the following:
      Element is in tab order and does not have accessible text

    Fix any of the following:
      Element does not have text that is visible to screen readers
      aria-label attribute does not exist or is empty
      aria-labelledby attribute does not exist, references elements that do not exist or references elements that are empty
      Element's default semantics were not overridden with role="presentation"
      Element's default semantics were not overridden with role="none"


4) Page must contain a level-one heading: https://dequeuniversity.com/rules/axe/3.1/page-has-heading-one?application=axeAPI
  a) ["html"]
    Fix all of the following:
      Page must have a level-one heading


5) All page content must be contained by landmarks: https://dequeuniversity.com/rules/axe/3.1/region?application=axeAPI
  a) ["html"]
    Fix any of the following:
      Some page content is not contained by landmarks

 expected [true] but found [false]
at org.testng.Assert.fail(Assert.java:96)
at org.testng.Assert.failNotEquals(Assert.java:776)
at org.testng.Assert.assertTrue(Assert.java:44)
at parallel.AmazonPageSteps.user_is_on_home_page(AmazonPageSteps.java:35)
at ✽.user is on home page(file:///C:/Users/Raju%20Krish/git/CucumberPOMSeries/CucumberPOMSeries/src/test/resources/parallel/AmazonPage.feature:4)
]]>
            </full-stacktrace>
          </exception> <!-- java.lang.AssertionError -->
          <reporter-output>
          </reporter-output>
        </test-method> <!-- runScenario -->
        <test-method status="FAIL" signature="runScenario(io.cucumber.testng.PickleWrapper, io.cucumber.testng.FeatureWrapper)[pri:0, instance:parallel.ParallelRun@6e06451e]" name="runScenario" duration-ms="19954" started-at="2021-05-18T13:22:52Z" description="Runs Cucumber Scenarios" data-provider="scenarios" finished-at="2021-05-18T13:23:12Z">
          <params>
            <param index="0">
              <value>
                <![CDATA["Login with all credentials"]]>
              </value>
            </param>
            <param index="1">
              <value>
                <![CDATA["Optional[Login page feature]"]]>
              </value>
            </param>
          </params>
          <exception class="org.openqa.selenium.NoSuchElementException">
            <message>
              <![CDATA[no such element: Unable to locate element: {"method":"css selector","selector":"#email"}
  (Session info: chrome=86.0.4240.75)
For documentation on this error, please visit: https://www.seleniumhq.org/exceptions/no_such_element.html
Build info: version: '3.141.59', revision: 'e82be7d358', time: '2018-11-14T08:17:03'
System info: host: 'DESKTOP-29FAU25', ip: '192.168.0.103', os.name: 'Windows 10', os.arch: 'amd64', os.version: '10.0', java.version: '1.8.0_271'
Driver info: org.openqa.selenium.chrome.ChromeDriver
Capabilities {acceptInsecureCerts: false, browserName: chrome, browserVersion: 86.0.4240.75, chrome: {chromedriverVersion: 86.0.4240.22 (398b0743353ff..., userDataDir: C:\Users\RAJUKR~1\AppData\L...}, goog:chromeOptions: {debuggerAddress: localhost:58421}, javascriptEnabled: true, networkConnectionEnabled: false, pageLoadStrategy: normal, platform: WINDOWS, platformName: WINDOWS, proxy: Proxy(), setWindowRect: true, strictFileInteractability: false, timeouts: {implicit: 0, pageLoad: 300000, script: 30000}, unhandledPromptBehavior: dismiss and notify, webauthn:virtualAuthenticators: true}
Session ID: e8bf216f8ffd86e65e47a049d0960260
*** Element info: {Using=id, value=email}]]>
            </message>
            <full-stacktrace>
              <![CDATA[org.openqa.selenium.NoSuchElementException: no such element: Unable to locate element: {"method":"css selector","selector":"#email"}
  (Session info: chrome=86.0.4240.75)
For documentation on this error, please visit: https://www.seleniumhq.org/exceptions/no_such_element.html
Build info: version: '3.141.59', revision: 'e82be7d358', time: '2018-11-14T08:17:03'
System info: host: 'DESKTOP-29FAU25', ip: '192.168.0.103', os.name: 'Windows 10', os.arch: 'amd64', os.version: '10.0', java.version: '1.8.0_271'
Driver info: org.openqa.selenium.chrome.ChromeDriver
Capabilities {acceptInsecureCerts: false, browserName: chrome, browserVersion: 86.0.4240.75, chrome: {chromedriverVersion: 86.0.4240.22 (398b0743353ff..., userDataDir: C:\Users\RAJUKR~1\AppData\L...}, goog:chromeOptions: {debuggerAddress: localhost:58421}, javascriptEnabled: true, networkConnectionEnabled: false, pageLoadStrategy: normal, platform: WINDOWS, platformName: WINDOWS, proxy: Proxy(), setWindowRect: true, strictFileInteractability: false, timeouts: {implicit: 0, pageLoad: 300000, script: 30000}, unhandledPromptBehavior: dismiss and notify, webauthn:virtualAuthenticators: true}
Session ID: e8bf216f8ffd86e65e47a049d0960260
*** Element info: {Using=id, value=email}
at sun.reflect.NativeConstructorAccessorImpl.newInstance0(Native Method)
at sun.reflect.NativeConstructorAccessorImpl.newInstance(NativeConstructorAccessorImpl.java:62)
at sun.reflect.DelegatingConstructorAccessorImpl.newInstance(DelegatingConstructorAccessorImpl.java:45)
at java.lang.reflect.Constructor.newInstance(Constructor.java:423)
at org.openqa.selenium.remote.http.W3CHttpResponseCodec.createException(W3CHttpResponseCodec.java:187)
at org.openqa.selenium.remote.http.W3CHttpResponseCodec.decode(W3CHttpResponseCodec.java:122)
at org.openqa.selenium.remote.http.W3CHttpResponseCodec.decode(W3CHttpResponseCodec.java:49)
at org.openqa.selenium.remote.HttpCommandExecutor.execute(HttpCommandExecutor.java:158)
at org.openqa.selenium.remote.service.DriverCommandExecutor.execute(DriverCommandExecutor.java:83)
at org.openqa.selenium.remote.RemoteWebDriver.execute(RemoteWebDriver.java:552)
at org.openqa.selenium.remote.RemoteWebDriver.findElement(RemoteWebDriver.java:323)
at org.openqa.selenium.remote.RemoteWebDriver.findElementById(RemoteWebDriver.java:372)
at org.openqa.selenium.By$ById.findElement(By.java:188)
at org.openqa.selenium.remote.RemoteWebDriver.findElement(RemoteWebDriver.java:315)
at com.pages.LoginPage.doLogin(LoginPage.java:54)
at parallel.LoginPageSteps.users_logs_in(LoginPageSteps.java:45)
at ✽.<2> users logs in(file:///C:/Users/Raju%20Krish/git/CucumberPOMSeries/CucumberPOMSeries/src/test/resources/parallel/LoginPage.feature:26)
]]>
            </full-stacktrace>
          </exception> <!-- org.openqa.selenium.NoSuchElementException -->
          <reporter-output>
          </reporter-output>
        </test-method> <!-- runScenario -->
        <test-method status="PASS" signature="runScenario(io.cucumber.testng.PickleWrapper, io.cucumber.testng.FeatureWrapper)[pri:0, instance:parallel.ParallelRun@6e06451e]" name="runScenario" duration-ms="77605" started-at="2021-05-18T13:22:52Z" description="Runs Cucumber Scenarios" data-provider="scenarios" finished-at="2021-05-18T13:24:10Z">
          <params>
            <param index="0">
              <value>
                <![CDATA["Login with all credentials"]]>
              </value>
            </param>
            <param index="1">
              <value>
                <![CDATA["Optional[Login page feature]"]]>
              </value>
            </param>
          </params>
          <reporter-output>
          </reporter-output>
        </test-method> <!-- runScenario -->
        <test-method status="PASS" signature="runScenario(io.cucumber.testng.PickleWrapper, io.cucumber.testng.FeatureWrapper)[pri:0, instance:parallel.ParallelRun@6e06451e]" name="runScenario" duration-ms="41886" started-at="2021-05-18T13:22:52Z" description="Runs Cucumber Scenarios" data-provider="scenarios" finished-at="2021-05-18T13:23:34Z">
          <params>
            <param index="0">
              <value>
                <![CDATA["Drag and Drop scenario"]]>
              </value>
            </param>
            <param index="1">
              <value>
                <![CDATA["Optional[Drag and Drop feature on Guru99]"]]>
              </value>
            </param>
          </params>
          <reporter-output>
          </reporter-output>
        </test-method> <!-- runScenario -->
        <test-method status="PASS" signature="runScenario(io.cucumber.testng.PickleWrapper, io.cucumber.testng.FeatureWrapper)[pri:0, instance:parallel.ParallelRun@6e06451e]" name="runScenario" duration-ms="45909" started-at="2021-05-18T13:23:11Z" description="Runs Cucumber Scenarios" data-provider="scenarios" finished-at="2021-05-18T13:23:57Z">
          <params>
            <param index="0">
              <value>
                <![CDATA["Radiobutton form scenario"]]>
              </value>
            </param>
            <param index="1">
              <value>
                <![CDATA["Optional[MenuList feature on Selenium Easy webapplication]"]]>
              </value>
            </param>
          </params>
          <reporter-output>
          </reporter-output>
        </test-method> <!-- runScenario -->
        <test-method status="PASS" signature="tearDownClass()[pri:0, instance:parallel.ParallelRun@6e06451e]" name="tearDownClass" is-config="true" duration-ms="24577" started-at="2021-05-18T13:24:24Z" finished-at="2021-05-18T13:24:49Z">
          <reporter-output>
          </reporter-output>
        </test-method> <!-- tearDownClass -->
      </class> <!-- parallel.ParallelRun -->
    </test> <!-- Surefire test -->
  </suite> <!-- Surefire suite -->
</testng-results>
